d:\college\arcadeapp\arcadeapp\x64\debug\vc142.pdb
d:\college\arcadeapp\arcadeapp\x64\debug\vc142.idb
d:\college\arcadeapp\arcadeapp\x64\debug\vec2d.obj
d:\college\arcadeapp\arcadeapp\x64\debug\utils.obj
d:\college\arcadeapp\arcadeapp\x64\debug\triangle.obj
d:\college\arcadeapp\arcadeapp\x64\debug\shape.obj
d:\college\arcadeapp\arcadeapp\x64\debug\screenbuffer.obj
d:\college\arcadeapp\arcadeapp\x64\debug\screen.obj
d:\college\arcadeapp\arcadeapp\x64\debug\rectangle.obj
d:\college\arcadeapp\arcadeapp\x64\debug\main.obj
d:\college\arcadeapp\arcadeapp\x64\debug\line2d.obj
d:\college\arcadeapp\arcadeapp\x64\debug\inputcontroller.obj
d:\college\arcadeapp\arcadeapp\x64\debug\gamecontroller.obj
d:\college\arcadeapp\arcadeapp\x64\debug\color.obj
d:\college\arcadeapp\arcadeapp\x64\debug\circle.obj
d:\college\arcadeapp\arcadeapp\x64\debug\arcade.obj
d:\college\arcadeapp\arcadeapp\x64\debug\app.obj
d:\college\arcadeapp\arcadeapp\x64\debug\arcadeapp.ilk
d:\college\arcadeapp\arcadeapp\x64\debug\arcadeapp.exe
d:\college\arcadeapp\arcadeapp\x64\debug\arcadeapp.pdb
d:\college\arcadeapp\arcadeapp\x64\debug\arcadeapp.tlog\cl.command.1.tlog
d:\college\arcadeapp\arcadeapp\x64\debug\arcadeapp.tlog\cl.read.1.tlog
d:\college\arcadeapp\arcadeapp\x64\debug\arcadeapp.tlog\cl.write.1.tlog
d:\college\arcadeapp\arcadeapp\x64\debug\arcadeapp.tlog\link.command.1.tlog
d:\college\arcadeapp\arcadeapp\x64\debug\arcadeapp.tlog\link.read.1.tlog
d:\college\arcadeapp\arcadeapp\x64\debug\arcadeapp.tlog\link.write.1.tlog
